<?xml version="1.0" encoding="UTF-8"?>
<testsuite name="ch.hsr.testing.unittest.tdd.romannumbers.RomanNumbersTest" tests="13" skipped="0" failures="0" errors="0" timestamp="2020-06-17T19:57:16" hostname="taraxacum" time="0.156">
  <properties/>
  <testcase name="testRomanNumberConverter(int, String)[1]" classname="ch.hsr.testing.unittest.tdd.romannumbers.RomanNumbersTest" time="0.043"/>
  <testcase name="testRomanNumberConverter(int, String)[2]" classname="ch.hsr.testing.unittest.tdd.romannumbers.RomanNumbersTest" time="0.002"/>
  <testcase name="testRomanNumberConverter(int, String)[3]" classname="ch.hsr.testing.unittest.tdd.romannumbers.RomanNumbersTest" time="0.003"/>
  <testcase name="testRomanNumberConverter(int, String)[4]" classname="ch.hsr.testing.unittest.tdd.romannumbers.RomanNumbersTest" time="0.004"/>
  <testcase name="testRomanNumberConverter(int, String)[5]" classname="ch.hsr.testing.unittest.tdd.romannumbers.RomanNumbersTest" time="0.002"/>
  <testcase name="testRomanNumberConverter(int, String)[6]" classname="ch.hsr.testing.unittest.tdd.romannumbers.RomanNumbersTest" time="0.004"/>
  <testcase name="testRomanNumberConverter(int, String)[7]" classname="ch.hsr.testing.unittest.tdd.romannumbers.RomanNumbersTest" time="0.003"/>
  <testcase name="testRomanNumberConverter(int, String)[8]" classname="ch.hsr.testing.unittest.tdd.romannumbers.RomanNumbersTest" time="0.002"/>
  <testcase name="testRomanNumberConverter(int, String)[9]" classname="ch.hsr.testing.unittest.tdd.romannumbers.RomanNumbersTest" time="0.007"/>
  <testcase name="testRomanNumberConverter(int, String)[10]" classname="ch.hsr.testing.unittest.tdd.romannumbers.RomanNumbersTest" time="0.004"/>
  <testcase name="testRomanNumberConverter(int, String)[11]" classname="ch.hsr.testing.unittest.tdd.romannumbers.RomanNumbersTest" time="0.003"/>
  <testcase name="testRomanNumberConverter(int, String)[12]" classname="ch.hsr.testing.unittest.tdd.romannumbers.RomanNumbersTest" time="0.002"/>
  <testcase name="testRomanNumberConverter(int, String)[13]" classname="ch.hsr.testing.unittest.tdd.romannumbers.RomanNumbersTest" time="0.003"/>
  <system-out><![CDATA[]]></system-out>
  <system-err><![CDATA[]]></system-err>
</testsuite>
